TN:
SF:index.js
FN:53,(anonymous_0)
FN:61,(anonymous_1)
FN:93,(anonymous_2)
FN:96,(anonymous_3)
FN:108,(anonymous_4)
FN:109,(anonymous_5)
FN:117,(anonymous_6)
FNF:7
FNH:5
FNDA:30,(anonymous_0)
FNDA:9,(anonymous_1)
FNDA:1,(anonymous_2)
FNDA:0,(anonymous_3)
FNDA:1,(anonymous_4)
FNDA:0,(anonymous_5)
FNDA:1,(anonymous_6)
DA:2,1
DA:3,1
DA:4,1
DA:5,1
DA:6,1
DA:7,1
DA:9,1
DA:10,1
DA:12,1
DA:13,1
DA:14,1
DA:16,1
DA:17,1
DA:18,1
DA:21,1
DA:22,1
DA:23,1
DA:24,1
DA:27,1
DA:28,1
DA:29,1
DA:30,1
DA:31,1
DA:33,1
DA:34,1
DA:35,1
DA:43,1
DA:45,1
DA:46,1
DA:47,1
DA:49,1
DA:53,1
DA:54,30
DA:55,30
DA:56,21
DA:58,9
DA:59,9
DA:61,9
DA:63,9
DA:64,8
DA:65,8
DA:66,8
DA:68,1
DA:76,0
DA:83,1
DA:84,1
DA:88,1
DA:90,1
DA:91,1
DA:93,1
DA:94,1
DA:96,0
DA:101,1
DA:102,1
DA:108,1
DA:109,0
DA:117,1
DA:119,1
LF:58
LH:55
BRDA:55,0,0,21
BRDA:55,0,1,9
BRDA:55,1,0,30
BRDA:55,1,1,20
BRDA:55,1,2,9
BRDA:55,1,3,9
BRDA:63,2,0,8
BRDA:63,2,1,1
BRDA:63,3,0,9
BRDA:63,3,1,8
BRF:10
BRH:10
end_of_record
TN:
SF:api-docs\swagger.js
FNF:0
FNH:0
DA:1,1
DA:2,1
DA:4,1
DA:24,1
LF:4
LH:4
BRF:0
BRH:0
end_of_record
TN:
SF:models\AccountModel.js
FNF:0
FNH:0
DA:1,1
DA:2,1
DA:4,1
DA:13,1
LF:4
LH:4
BRF:0
BRH:0
end_of_record
TN:
SF:models\ProductModel.js
FNF:0
FNH:0
DA:1,1
DA:2,1
DA:4,1
DA:15,1
LF:4
LH:4
BRF:0
BRH:0
end_of_record
TN:
SF:mssql\dbconfig.js
FNF:0
FNH:0
DA:1,1
DA:16,1
LF:2
LH:2
BRF:0
BRH:0
end_of_record
TN:
SF:routers\AccountRouter.js
FN:22,(anonymous_0)
FN:29,(anonymous_1)
FN:82,(anonymous_2)
FN:89,(anonymous_3)
FN:98,(anonymous_4)
FN:143,(anonymous_5)
FN:151,checkUserAndGenerateToken
FN:152,(anonymous_7)
FNF:8
FNH:8
FNDA:9,(anonymous_0)
FNDA:7,(anonymous_1)
FNDA:11,(anonymous_2)
FNDA:7,(anonymous_3)
FNDA:7,(anonymous_4)
FNDA:1,(anonymous_5)
FNDA:6,checkUserAndGenerateToken
FNDA:6,(anonymous_7)
DA:1,1
DA:2,1
DA:3,1
DA:4,1
DA:5,1
DA:6,1
DA:7,1
DA:9,1
DA:10,1
DA:12,1
DA:13,1
DA:14,1
DA:22,1
DA:23,9
DA:24,9
DA:25,9
DA:26,9
DA:27,7
DA:29,7
DA:31,7
DA:36,7
DA:38,7
DA:40,6
DA:43,1
DA:50,0
DA:57,0
DA:64,2
DA:65,2
DA:66,2
DA:67,2
DA:68,2
DA:70,2
DA:74,0
DA:82,1
DA:83,11
DA:84,11
DA:85,11
DA:86,11
DA:87,7
DA:89,7
DA:91,7
DA:93,7
DA:98,7
DA:99,7
DA:100,0
DA:105,7
DA:112,0
DA:119,0
DA:126,4
DA:127,4
DA:128,4
DA:129,4
DA:130,4
DA:132,4
DA:136,0
DA:143,1
DA:144,1
DA:150,1
DA:152,6
DA:153,6
DA:154,0
DA:159,6
DA:167,1
LF:63
LH:55
BRDA:26,0,0,7
BRDA:26,0,1,2
BRDA:27,1,0,7
BRDA:27,1,1,0
BRDA:27,2,0,7
BRDA:27,2,1,7
BRDA:27,2,2,7
BRDA:31,3,0,7
BRDA:31,3,1,0
BRDA:38,4,0,6
BRDA:38,4,1,1
BRDA:86,5,0,7
BRDA:86,5,1,4
BRDA:87,6,0,7
BRDA:87,6,1,0
BRDA:87,7,0,7
BRDA:87,7,1,7
BRDA:87,7,2,7
BRDA:91,8,0,7
BRDA:91,8,1,0
BRDA:99,9,0,0
BRDA:99,9,1,7
BRDA:153,10,0,0
BRDA:153,10,1,6
BRF:24
BRH:18
end_of_record
TN:
SF:routers\OrderRouter.js
FN:4,(anonymous_0)
FNF:1
FNH:0
FNDA:0,(anonymous_0)
DA:1,1
DA:2,1
DA:4,1
DA:5,0
DA:10,1
LF:5
LH:4
BRF:0
BRH:0
end_of_record
TN:
SF:routers\ProductRouter.js
FN:30,(anonymous_0)
FN:36,(anonymous_1)
FN:40,(anonymous_2)
FN:49,(anonymous_3)
FN:67,(anonymous_4)
FN:95,(anonymous_5)
FN:112,(anonymous_6)
FN:114,(anonymous_7)
FN:135,(anonymous_8)
FN:151,(anonymous_9)
FN:157,(anonymous_10)
FN:181,(anonymous_11)
FN:212,(anonymous_12)
FN:215,(anonymous_13)
FNF:14
FNH:8
FNDA:6,(anonymous_0)
FNDA:6,(anonymous_1)
FNDA:6,(anonymous_2)
FNDA:6,(anonymous_3)
FNDA:5,(anonymous_4)
FNDA:2,(anonymous_5)
FNDA:2,(anonymous_6)
FNDA:2,(anonymous_7)
FNDA:0,(anonymous_8)
FNDA:0,(anonymous_9)
FNDA:0,(anonymous_10)
FNDA:0,(anonymous_11)
FNDA:0,(anonymous_12)
FNDA:0,(anonymous_13)
DA:1,1
DA:2,1
DA:3,1
DA:6,1
DA:7,1
DA:8,1
DA:9,1
DA:10,1
DA:12,1
DA:13,1
DA:14,1
DA:26,1
DA:27,1
DA:31,6
DA:32,0
DA:34,6
DA:36,6
DA:41,6
DA:42,6
DA:43,0
DA:45,6
DA:49,1
DA:51,6
DA:52,6
DA:56,6
DA:57,6
DA:60,5
DA:61,5
DA:62,5
DA:63,5
DA:64,5
DA:65,5
DA:66,5
DA:67,5
DA:68,5
DA:69,1
DA:74,4
DA:82,1
DA:88,0
DA:95,1
DA:96,2
DA:97,2
DA:98,2
DA:99,2
DA:103,2
DA:104,0
DA:108,2
DA:109,2
DA:110,2
DA:113,2
DA:116,2
DA:117,1
DA:127,1
DA:136,0
DA:142,0
DA:151,1
DA:152,0
DA:153,0
DA:154,0
DA:157,0
DA:160,0
DA:161,0
DA:162,0
DA:165,0
DA:166,0
DA:168,0
DA:169,0
DA:171,0
DA:172,0
DA:174,0
DA:175,0
DA:177,0
DA:178,0
DA:181,0
DA:182,0
DA:183,0
DA:188,0
DA:198,0
DA:204,0
DA:212,1
DA:213,0
DA:214,0
DA:215,0
DA:216,0
DA:217,0
DA:222,0
DA:229,0
DA:235,0
DA:241,1
LF:89
LH:52
BRDA:31,0,0,0
BRDA:31,0,1,6
BRDA:42,1,0,0
BRDA:42,1,1,6
BRDA:42,2,0,6
BRDA:42,2,1,6
BRDA:42,2,2,0
BRDA:57,3,0,5
BRDA:57,3,1,1
BRDA:57,4,0,6
BRDA:57,4,1,6
BRDA:57,4,2,6
BRDA:57,4,3,5
BRDA:57,4,4,5
BRDA:57,4,5,5
BRDA:68,5,0,1
BRDA:68,5,1,4
BRDA:103,6,0,0
BRDA:103,6,1,2
BRDA:103,7,0,2
BRDA:103,7,1,2
BRDA:109,8,0,2
BRDA:109,8,1,2
BRDA:116,9,0,1
BRDA:116,9,1,1
BRDA:116,10,0,2
BRDA:116,10,1,2
BRDA:154,11,0,0
BRDA:154,11,1,0
BRDA:154,12,0,0
BRDA:154,12,1,0
BRDA:154,12,2,0
BRDA:154,12,3,0
BRDA:154,12,4,0
BRDA:154,12,5,0
BRDA:154,12,6,0
BRDA:160,13,0,0
BRDA:160,13,1,0
BRDA:160,14,0,0
BRDA:160,14,1,0
BRDA:160,14,2,0
BRDA:160,14,3,0
BRDA:165,15,0,0
BRDA:165,15,1,0
BRDA:165,16,0,0
BRDA:165,16,1,0
BRDA:165,16,2,0
BRDA:168,17,0,0
BRDA:168,17,1,0
BRDA:171,18,0,0
BRDA:171,18,1,0
BRDA:174,19,0,0
BRDA:174,19,1,0
BRDA:177,20,0,0
BRDA:177,20,1,0
BRDA:182,21,0,0
BRDA:182,21,1,0
BRDA:214,22,0,0
BRDA:214,22,1,0
BRDA:214,23,0,0
BRDA:214,23,1,0
BRDA:216,24,0,0
BRDA:216,24,1,0
BRF:63
BRH:23
end_of_record
TN:
SF:routers\validator\addProductValidator.js
FNF:0
FNH:0
DA:1,1
DA:3,1
LF:2
LH:2
BRF:0
BRH:0
end_of_record
TN:
SF:routers\validator\loginValidator.js
FNF:0
FNH:0
DA:1,1
DA:3,1
LF:2
LH:2
BRF:0
BRH:0
end_of_record
TN:
SF:routers\validator\registerValidator.js
FN:23,(anonymous_0)
FNF:1
FNH:1
FNDA:11,(anonymous_0)
DA:1,1
DA:3,1
DA:24,11
DA:28,11
DA:29,1
LF:5
LH:5
BRDA:28,0,0,1
BRDA:28,0,1,10
BRF:2
BRH:2
end_of_record
