TN:
SF:index.js
FN:48,(anonymous_0)
FN:83,(anonymous_1)
FN:137,connectDatabase
FN:145,(anonymous_3)
FNF:4
FNH:4
FNDA:132,(anonymous_0)
FNDA:58,(anonymous_1)
FNDA:1,connectDatabase
FNDA:1,(anonymous_3)
DA:2,1
DA:3,1
DA:4,1
DA:5,1
DA:6,1
DA:7,1
DA:8,1
DA:10,1
DA:11,1
DA:13,1
DA:14,1
DA:15,1
DA:17,1
DA:18,1
DA:19,1
DA:22,1
DA:23,1
DA:24,1
DA:25,1
DA:28,1
DA:29,1
DA:30,1
DA:31,1
DA:32,1
DA:34,1
DA:35,1
DA:38,1
DA:40,1
DA:41,1
DA:42,1
DA:44,1
DA:48,1
DA:49,132
DA:50,132
DA:53,74
DA:54,58
DA:58,58
DA:78,58
DA:79,58
DA:83,58
DA:87,58
DA:88,50
DA:91,50
DA:93,8
DA:99,0
DA:102,0
DA:109,1
DA:110,1
DA:134,1
DA:135,1
DA:138,1
DA:139,1
DA:144,1
DA:145,1
DA:146,1
DA:147,1
DA:150,1
LF:57
LH:55
BRDA:50,0,0,74
BRDA:50,0,1,58
BRDA:50,1,0,132
BRDA:50,1,1,104
BRDA:50,1,2,63
BRDA:50,1,3,63
BRDA:50,1,4,63
BRDA:50,1,5,63
BRDA:50,1,6,63
BRDA:50,1,7,60
BRDA:54,2,0,58
BRDA:54,2,1,0
BRDA:54,3,0,58
BRDA:54,3,1,29
BRDA:54,3,2,20
BRDA:54,3,3,17
BRDA:54,3,4,14
BRDA:54,3,5,11
BRDA:54,3,6,6
BRDA:54,3,7,3
BRDA:87,4,0,50
BRDA:87,4,1,8
BRDA:87,5,0,58
BRDA:87,5,1,50
BRDA:144,6,0,1
BRDA:144,6,1,0
BRF:26
BRH:24
end_of_record
TN:
SF:adapter\mongoose.js
FN:11,(anonymous_0)
FN:12,(anonymous_1)
FNF:2
FNH:1
FNDA:1,(anonymous_0)
FNDA:0,(anonymous_1)
DA:1,1
DA:4,1
DA:5,1
DA:11,1
DA:12,0
DA:14,1
LF:6
LH:5
BRF:0
BRH:0
end_of_record
TN:
SF:adapter\mssql.js
FN:5,(anonymous_0)
FN:8,(anonymous_1)
FNF:2
FNH:1
FNDA:1,(anonymous_0)
FNDA:0,(anonymous_1)
DA:1,1
DA:4,1
DA:5,1
DA:6,1
DA:8,0
DA:11,1
LF:6
LH:5
BRF:0
BRH:0
end_of_record
TN:
SF:adapter\mssql-config\dbconfig.js
FNF:0
FNH:0
DA:1,1
DA:16,1
LF:2
LH:2
BRF:0
BRH:0
end_of_record
TN:
SF:api-docs\swagger.js
FNF:0
FNH:0
DA:1,1
DA:2,1
DA:4,1
DA:24,1
LF:4
LH:4
BRF:0
BRH:0
end_of_record
TN:
SF:auth\checkUser-genToken-HMAC.js
FN:4,checkUserAndGenerateToken
FN:5,(anonymous_1)
FNF:2
FNH:0
FNDA:0,checkUserAndGenerateToken
FNDA:0,(anonymous_1)
DA:2,1
DA:3,1
DA:5,0
DA:6,0
DA:7,0
DA:12,0
DA:20,1
LF:7
LH:3
BRDA:6,0,0,0
BRDA:6,0,1,0
BRF:2
BRH:0
end_of_record
TN:
SF:auth\checkUser-genToken-RSA.js
FN:8,checkUserAndGenerateToken
FN:22,(anonymous_1)
FNF:2
FNH:2
FNDA:23,checkUserAndGenerateToken
FNDA:23,(anonymous_1)
DA:3,1
DA:4,1
DA:5,1
DA:10,23
DA:11,23
DA:13,23
DA:22,23
DA:23,23
DA:24,0
DA:29,23
DA:38,1
LF:11
LH:10
BRDA:23,0,0,0
BRDA:23,0,1,23
BRF:2
BRH:1
end_of_record
TN:
SF:auth\verifyFacebook.js
FN:4,verifyFacebook
FN:7,(anonymous_1)
FN:7,(anonymous_2)
FNF:3
FNH:0
FNDA:0,verifyFacebook
FNDA:0,(anonymous_1)
FNDA:0,(anonymous_2)
DA:2,1
DA:6,0
DA:7,0
DA:8,0
DA:11,1
LF:5
LH:2
BRF:0
BRH:0
end_of_record
TN:
SF:auth\verifyGoogle.js
FN:5,verifyGoogle
FNF:1
FNH:0
FNDA:0,verifyGoogle
DA:2,1
DA:3,1
DA:4,1
DA:8,0
DA:12,0
DA:15,1
LF:6
LH:4
BRF:0
BRH:0
end_of_record
TN:
SF:auth\keys\generateKeyPair.js
FN:16,(anonymous_0)
FNF:1
FNH:1
FNDA:1,(anonymous_0)
DA:1,1
DA:2,1
DA:3,1
DA:18,1
DA:19,1
DA:20,1
DA:27,1
LF:7
LH:7
BRDA:18,0,0,0
BRDA:18,0,1,1
BRF:2
BRH:1
end_of_record
TN:
SF:controllers\accountsCtrl.js
FN:9,(anonymous_0)
FN:38,(anonymous_1)
FN:70,(anonymous_2)
FN:83,(anonymous_3)
FNF:4
FNH:4
FNDA:2,(anonymous_0)
FNDA:3,(anonymous_1)
FNDA:2,(anonymous_2)
FNDA:2,(anonymous_3)
DA:1,1
DA:2,1
DA:3,1
DA:4,1
DA:5,1
DA:6,1
DA:7,1
DA:8,1
DA:10,2
DA:11,2
DA:12,2
DA:13,2
DA:14,2
DA:15,2
DA:16,2
DA:17,1
DA:23,1
DA:26,1
DA:32,0
DA:39,3
DA:40,3
DA:41,3
DA:42,3
DA:44,3
DA:45,2
DA:51,1
DA:52,1
DA:54,1
DA:55,1
DA:56,1
DA:60,1
DA:61,1
DA:67,0
DA:71,2
DA:73,2
DA:74,2
DA:75,1
DA:77,1
DA:78,1
DA:80,0
DA:84,2
DA:85,2
DA:86,2
DA:89,2
DA:90,2
DA:91,2
DA:92,1
DA:97,1
DA:104,1
DA:105,1
DA:108,0
DA:114,1
LF:52
LH:48
BRDA:16,0,0,1
BRDA:16,0,1,1
BRDA:44,1,0,2
BRDA:44,1,1,1
BRDA:74,2,0,1
BRDA:74,2,1,1
BRDA:91,3,0,1
BRDA:91,3,1,1
BRF:8
BRH:8
end_of_record
TN:
SF:controllers\sendMail.js
FN:22,(anonymous_0)
FN:70,(anonymous_1)
FNF:2
FNH:2
FNDA:1,(anonymous_0)
FNDA:1,(anonymous_1)
DA:1,1
DA:2,1
DA:3,1
DA:4,1
DA:12,1
DA:14,1
DA:22,1
DA:23,1
DA:24,1
DA:25,1
DA:29,1
DA:41,1
DA:52,1
DA:70,1
DA:71,1
DA:72,1
DA:73,1
DA:74,1
DA:76,0
DA:77,0
DA:81,1
LF:21
LH:19
BRDA:72,0,0,1
BRDA:72,0,1,0
BRF:2
BRH:1
end_of_record
TN:
SF:models\AccountModel.js
FNF:0
FNH:0
DA:1,1
DA:2,1
DA:4,1
DA:35,1
LF:4
LH:4
BRF:0
BRH:0
end_of_record
TN:
SF:models\ProductModel.js
FNF:0
FNH:0
DA:1,1
DA:2,1
DA:4,1
DA:15,1
LF:4
LH:4
BRF:0
BRH:0
end_of_record
TN:
SF:routers\AccountRouter.js
FN:23,(anonymous_0)
FN:30,(anonymous_1)
FN:87,(anonymous_2)
FN:94,(anonymous_3)
FN:104,(anonymous_4)
FN:149,(anonymous_5)
FN:156,(anonymous_6)
FN:207,(anonymous_7)
FNF:8
FNH:6
FNDA:27,(anonymous_0)
FNDA:25,(anonymous_1)
FNDA:41,(anonymous_2)
FNDA:37,(anonymous_3)
FNDA:37,(anonymous_4)
FNDA:1,(anonymous_5)
FNDA:0,(anonymous_6)
FNDA:0,(anonymous_7)
DA:1,1
DA:2,1
DA:3,1
DA:4,1
DA:5,1
DA:7,1
DA:10,1
DA:11,1
DA:13,1
DA:14,1
DA:15,1
DA:16,1
DA:17,1
DA:18,1
DA:19,1
DA:23,1
DA:24,27
DA:25,27
DA:26,27
DA:27,27
DA:28,25
DA:30,25
DA:32,25
DA:34,24
DA:35,24
DA:40,24
DA:44,23
DA:47,1
DA:54,1
DA:69,2
DA:70,2
DA:71,2
DA:72,2
DA:73,2
DA:75,2
DA:79,0
DA:87,1
DA:88,41
DA:89,41
DA:90,41
DA:91,41
DA:92,37
DA:94,37
DA:96,37
DA:98,37
DA:99,37
DA:104,37
DA:105,37
DA:106,0
DA:111,37
DA:118,0
DA:125,0
DA:132,4
DA:133,4
DA:134,4
DA:135,4
DA:136,4
DA:138,4
DA:142,0
DA:149,1
DA:150,1
DA:156,1
DA:157,0
DA:158,0
DA:159,0
DA:160,0
DA:162,0
DA:164,0
DA:168,0
DA:169,0
DA:171,0
DA:172,0
DA:174,0
DA:176,0
DA:178,0
DA:180,0
DA:188,0
DA:194,0
DA:196,0
DA:200,0
DA:207,1
DA:208,0
DA:209,0
DA:210,0
DA:211,0
DA:212,0
DA:215,0
DA:217,0
DA:219,0
DA:220,0
DA:222,0
DA:223,0
DA:225,0
DA:227,0
DA:229,0
DA:231,0
DA:238,0
DA:244,0
DA:246,0
DA:250,0
DA:258,1
DA:260,1
DA:263,1
DA:266,1
DA:267,1
LF:105
LH:63
BRDA:27,0,0,25
BRDA:27,0,1,2
BRDA:28,1,0,25
BRDA:28,1,1,0
BRDA:28,2,0,25
BRDA:28,2,1,25
BRDA:28,2,2,25
BRDA:32,3,0,24
BRDA:32,3,1,1
BRDA:40,4,0,23
BRDA:40,4,1,1
BRDA:91,5,0,37
BRDA:91,5,1,4
BRDA:92,6,0,37
BRDA:92,6,1,0
BRDA:92,7,0,37
BRDA:92,7,1,37
BRDA:92,7,2,37
BRDA:96,8,0,37
BRDA:96,8,1,0
BRDA:105,9,0,0
BRDA:105,9,1,37
BRDA:164,10,0,0
BRDA:164,10,1,0
BRDA:174,11,0,0
BRDA:174,11,1,0
BRDA:176,12,0,0
BRDA:176,12,1,0
BRDA:225,13,0,0
BRDA:225,13,1,0
BRDA:227,14,0,0
BRDA:227,14,1,0
BRF:32
BRH:18
end_of_record
TN:
SF:routers\ProductRouter.js
FN:18,(anonymous_0)
FN:24,(anonymous_1)
FN:28,(anonymous_2)
FN:37,(anonymous_3)
FN:54,(anonymous_4)
FN:82,(anonymous_5)
FN:99,(anonymous_6)
FN:101,(anonymous_7)
FN:122,(anonymous_8)
FN:138,(anonymous_9)
FN:144,(anonymous_10)
FN:168,(anonymous_11)
FN:199,(anonymous_12)
FN:202,(anonymous_13)
FN:230,(anonymous_14)
FN:247,(anonymous_15)
FN:249,(anonymous_16)
FN:270,(anonymous_17)
FN:285,(anonymous_18)
FN:290,(anonymous_19)
FNF:20
FNH:18
FNDA:29,(anonymous_0)
FNDA:29,(anonymous_1)
FNDA:30,(anonymous_2)
FNDA:28,(anonymous_3)
FNDA:26,(anonymous_4)
FNDA:8,(anonymous_5)
FNDA:8,(anonymous_6)
FNDA:8,(anonymous_7)
FNDA:0,(anonymous_8)
FNDA:2,(anonymous_9)
FNDA:1,(anonymous_10)
FNDA:1,(anonymous_11)
FNDA:2,(anonymous_12)
FNDA:1,(anonymous_13)
FNDA:4,(anonymous_14)
FNDA:4,(anonymous_15)
FNDA:4,(anonymous_16)
FNDA:0,(anonymous_17)
FNDA:2,(anonymous_18)
FNDA:2,(anonymous_19)
DA:1,1
DA:2,1
DA:3,1
DA:4,1
DA:5,1
DA:6,1
DA:7,1
DA:9,1
DA:10,1
DA:11,1
DA:12,1
DA:14,1
DA:15,1
DA:19,29
DA:20,0
DA:22,29
DA:24,29
DA:29,30
DA:30,30
DA:31,1
DA:33,29
DA:37,1
DA:42,28
DA:43,28
DA:47,27
DA:48,27
DA:49,27
DA:50,27
DA:51,27
DA:52,26
DA:53,26
DA:54,26
DA:55,26
DA:56,1
DA:61,25
DA:69,1
DA:75,1
DA:82,1
DA:83,8
DA:84,8
DA:85,8
DA:86,8
DA:90,8
DA:91,0
DA:95,8
DA:96,8
DA:97,8
DA:100,8
DA:103,8
DA:104,7
DA:114,1
DA:123,0
DA:129,0
DA:138,1
DA:140,2
DA:141,2
DA:144,1
DA:147,1
DA:148,1
DA:149,1
DA:152,1
DA:153,1
DA:155,1
DA:156,1
DA:158,1
DA:159,1
DA:161,1
DA:162,1
DA:164,1
DA:165,1
DA:168,1
DA:169,1
DA:170,0
DA:175,1
DA:185,1
DA:191,0
DA:199,1
DA:200,2
DA:201,2
DA:202,1
DA:203,1
DA:204,1
DA:209,0
DA:216,1
DA:222,0
DA:230,1
DA:231,4
DA:232,4
DA:233,4
DA:234,4
DA:238,4
DA:239,0
DA:243,4
DA:244,4
DA:245,4
DA:248,4
DA:251,4
DA:252,3
DA:262,1
DA:271,0
DA:277,0
DA:285,1
DA:286,2
DA:287,2
DA:288,2
DA:290,2
DA:291,2
DA:292,1
DA:293,1
DA:299,1
DA:306,0
DA:312,0
DA:318,1
LF:113
LH:100
BRDA:19,0,0,0
BRDA:19,0,1,29
BRDA:30,1,0,1
BRDA:30,1,1,29
BRDA:30,2,0,30
BRDA:30,2,1,30
BRDA:30,2,2,1
BRDA:43,3,0,27
BRDA:43,3,1,1
BRDA:43,4,0,28
BRDA:43,4,1,28
BRDA:43,4,2,28
BRDA:43,4,3,27
BRDA:43,4,4,27
BRDA:43,4,5,27
BRDA:55,5,0,1
BRDA:55,5,1,25
BRDA:90,6,0,0
BRDA:90,6,1,8
BRDA:90,7,0,8
BRDA:90,7,1,8
BRDA:96,8,0,8
BRDA:96,8,1,8
BRDA:103,9,0,7
BRDA:103,9,1,1
BRDA:103,10,0,8
BRDA:103,10,1,8
BRDA:141,11,0,1
BRDA:141,11,1,1
BRDA:141,12,0,2
BRDA:141,12,1,2
BRDA:141,12,2,2
BRDA:141,12,3,1
BRDA:141,12,4,1
BRDA:141,12,5,1
BRDA:141,12,6,1
BRDA:147,13,0,1
BRDA:147,13,1,0
BRDA:147,14,0,1
BRDA:147,14,1,1
BRDA:147,14,2,1
BRDA:147,14,3,1
BRDA:152,15,0,1
BRDA:152,15,1,0
BRDA:152,16,0,1
BRDA:152,16,1,1
BRDA:152,16,2,1
BRDA:155,17,0,1
BRDA:155,17,1,0
BRDA:158,18,0,1
BRDA:158,18,1,0
BRDA:161,19,0,1
BRDA:161,19,1,0
BRDA:164,20,0,1
BRDA:164,20,1,0
BRDA:169,21,0,0
BRDA:169,21,1,1
BRDA:201,22,0,1
BRDA:201,22,1,1
BRDA:201,23,0,2
BRDA:201,23,1,2
BRDA:203,24,0,1
BRDA:203,24,1,0
BRDA:238,25,0,0
BRDA:238,25,1,4
BRDA:238,26,0,4
BRDA:238,26,1,4
BRDA:244,27,0,4
BRDA:244,27,1,4
BRDA:251,28,0,3
BRDA:251,28,1,1
BRDA:251,29,0,4
BRDA:251,29,1,4
BRDA:288,30,0,2
BRDA:288,30,1,0
BRDA:288,31,0,2
BRDA:288,31,1,2
BRDA:291,32,0,1
BRDA:291,32,1,1
BRF:79
BRH:67
end_of_record
TN:
SF:routers\validator\addProductValidator.js
FNF:0
FNH:0
DA:1,1
DA:3,1
LF:2
LH:2
BRF:0
BRH:0
end_of_record
TN:
SF:routers\validator\loginValidator.js
FNF:0
FNH:0
DA:1,1
DA:3,1
LF:2
LH:2
BRF:0
BRH:0
end_of_record
TN:
SF:routers\validator\registerValidator.js
FN:23,(anonymous_0)
FNF:1
FNH:1
FNDA:41,(anonymous_0)
DA:1,1
DA:3,1
DA:24,41
DA:28,41
DA:29,1
LF:5
LH:5
BRDA:28,0,0,1
BRDA:28,0,1,40
BRF:2
BRH:2
end_of_record
